[2022-02-12 15:39:43,005] {taskinstance.py:876} INFO - Dependencies all met for <TaskInstance: trigger_rule.task_1 2022-02-11T00:00:00+00:00 [queued]>
[2022-02-12 15:39:43,017] {taskinstance.py:876} INFO - Dependencies all met for <TaskInstance: trigger_rule.task_1 2022-02-11T00:00:00+00:00 [queued]>
[2022-02-12 15:39:43,018] {taskinstance.py:1067} INFO - 
--------------------------------------------------------------------------------
[2022-02-12 15:39:43,019] {taskinstance.py:1068} INFO - Starting attempt 1 of 1
[2022-02-12 15:39:43,021] {taskinstance.py:1069} INFO - 
--------------------------------------------------------------------------------
[2022-02-12 15:39:43,040] {taskinstance.py:1087} INFO - Executing <Task(BashOperator): task_1> on 2022-02-11T00:00:00+00:00
[2022-02-12 15:39:43,046] {standard_task_runner.py:52} INFO - Started process 201 to run task
[2022-02-12 15:39:43,049] {standard_task_runner.py:76} INFO - Running: ['airflow', 'tasks', 'run', 'trigger_rule', 'task_1', '2022-02-11T00:00:00+00:00', '--job-id', '3', '--pool', 'default_pool', '--raw', '--subdir', 'DAGS_FOLDER/trigger_rule.py', '--cfg-path', '/tmp/tmpex0tjlbz', '--error-file', '/tmp/tmph8io_scz']
[2022-02-12 15:39:43,052] {standard_task_runner.py:77} INFO - Job 3: Subtask task_1
[2022-02-12 15:39:43,118] {logging_mixin.py:104} INFO - Running <TaskInstance: trigger_rule.task_1 2022-02-11T00:00:00+00:00 [running]> on host 02a866e7b1b6
[2022-02-12 15:39:43,212] {taskinstance.py:1282} INFO - Exporting the following env vars:
AIRFLOW_CTX_DAG_OWNER=airflow
AIRFLOW_CTX_DAG_ID=trigger_rule
AIRFLOW_CTX_TASK_ID=task_1
AIRFLOW_CTX_EXECUTION_DATE=2022-02-11T00:00:00+00:00
AIRFLOW_CTX_DAG_RUN_ID=scheduled__2022-02-11T00:00:00+00:00
[2022-02-12 15:39:43,213] {subprocess.py:52} INFO - Tmp dir root location: 
 /tmp
[2022-02-12 15:39:43,215] {subprocess.py:63} INFO - Running command: ['bash', '-c', 'exit 0']
[2022-02-12 15:39:43,222] {subprocess.py:75} INFO - Output:
[2022-02-12 15:39:43,224] {subprocess.py:83} INFO - Command exited with return code 0
[2022-02-12 15:39:43,242] {taskinstance.py:1191} INFO - Marking task as SUCCESS. dag_id=trigger_rule, task_id=task_1, execution_date=20220211T000000, start_date=20220212T153943, end_date=20220212T153943
[2022-02-12 15:39:43,288] {taskinstance.py:1245} INFO - 1 downstream tasks scheduled from follow-on schedule check
[2022-02-12 15:39:43,302] {local_task_job.py:151} INFO - Task exited with return code 0
