[2022-02-12 15:39:44,112] {taskinstance.py:876} INFO - Dependencies all met for <TaskInstance: trigger_rule.task_2 2022-02-11T00:00:00+00:00 [queued]>
[2022-02-12 15:39:44,131] {taskinstance.py:876} INFO - Dependencies all met for <TaskInstance: trigger_rule.task_2 2022-02-11T00:00:00+00:00 [queued]>
[2022-02-12 15:39:44,132] {taskinstance.py:1067} INFO - 
--------------------------------------------------------------------------------
[2022-02-12 15:39:44,134] {taskinstance.py:1068} INFO - Starting attempt 1 of 1
[2022-02-12 15:39:44,137] {taskinstance.py:1069} INFO - 
--------------------------------------------------------------------------------
[2022-02-12 15:39:44,168] {taskinstance.py:1087} INFO - Executing <Task(BashOperator): task_2> on 2022-02-11T00:00:00+00:00
[2022-02-12 15:39:44,176] {standard_task_runner.py:52} INFO - Started process 213 to run task
[2022-02-12 15:39:44,181] {standard_task_runner.py:76} INFO - Running: ['airflow', 'tasks', 'run', 'trigger_rule', 'task_2', '2022-02-11T00:00:00+00:00', '--job-id', '4', '--pool', 'default_pool', '--raw', '--subdir', 'DAGS_FOLDER/trigger_rule.py', '--cfg-path', '/tmp/tmpd0vukfru', '--error-file', '/tmp/tmplu20zqno']
[2022-02-12 15:39:44,185] {standard_task_runner.py:77} INFO - Job 4: Subtask task_2
[2022-02-12 15:39:44,272] {logging_mixin.py:104} INFO - Running <TaskInstance: trigger_rule.task_2 2022-02-11T00:00:00+00:00 [running]> on host 02a866e7b1b6
[2022-02-12 15:39:44,381] {taskinstance.py:1282} INFO - Exporting the following env vars:
AIRFLOW_CTX_DAG_OWNER=airflow
AIRFLOW_CTX_DAG_ID=trigger_rule
AIRFLOW_CTX_TASK_ID=task_2
AIRFLOW_CTX_EXECUTION_DATE=2022-02-11T00:00:00+00:00
AIRFLOW_CTX_DAG_RUN_ID=scheduled__2022-02-11T00:00:00+00:00
[2022-02-12 15:39:44,382] {subprocess.py:52} INFO - Tmp dir root location: 
 /tmp
[2022-02-12 15:39:44,384] {subprocess.py:63} INFO - Running command: ['bash', '-c', 'sleep 90']
[2022-02-12 15:39:44,395] {subprocess.py:75} INFO - Output:
