[2022-02-12 15:39:26,676] {scheduler_job.py:182} INFO - Started process (PID=177) to work on /opt/airflow/dags/trigger_rule.py
[2022-02-12 15:39:26,677] {scheduler_job.py:633} INFO - Processing file /opt/airflow/dags/trigger_rule.py for tasks to queue
[2022-02-12 15:39:26,678] {logging_mixin.py:104} INFO - [2022-02-12 15:39:26,678] {dagbag.py:487} INFO - Filling up the DagBag from /opt/airflow/dags/trigger_rule.py
[2022-02-12 15:39:26,713] {scheduler_job.py:643} INFO - DAG(s) dict_keys(['trigger_rule']) retrieved from /opt/airflow/dags/trigger_rule.py
[2022-02-12 15:39:30,317] {logging_mixin.py:104} INFO - [2022-02-12 15:39:30,316] {dag.py:1832} INFO - Sync 1 DAGs
[2022-02-12 15:39:30,327] {logging_mixin.py:104} INFO - [2022-02-12 15:39:30,326] {dag.py:1851} INFO - Creating ORM DAG for trigger_rule
[2022-02-12 15:39:30,339] {logging_mixin.py:104} INFO - [2022-02-12 15:39:30,339] {dag.py:2305} INFO - Setting next_dagrun for trigger_rule to 2022-02-11 00:00:00+00:00
[2022-02-12 15:39:30,354] {scheduler_job.py:190} INFO - Processing /opt/airflow/dags/trigger_rule.py took 3.703 seconds
[2022-02-12 15:40:00,465] {scheduler_job.py:182} INFO - Started process (PID=241) to work on /opt/airflow/dags/trigger_rule.py
[2022-02-12 15:40:00,469] {scheduler_job.py:633} INFO - Processing file /opt/airflow/dags/trigger_rule.py for tasks to queue
[2022-02-12 15:40:00,470] {logging_mixin.py:104} INFO - [2022-02-12 15:40:00,470] {dagbag.py:487} INFO - Filling up the DagBag from /opt/airflow/dags/trigger_rule.py
[2022-02-12 15:40:00,494] {scheduler_job.py:643} INFO - DAG(s) dict_keys(['trigger_rule']) retrieved from /opt/airflow/dags/trigger_rule.py
[2022-02-12 15:40:00,531] {logging_mixin.py:104} INFO - [2022-02-12 15:40:00,531] {dag.py:1832} INFO - Sync 1 DAGs
[2022-02-12 15:40:00,564] {logging_mixin.py:104} INFO - [2022-02-12 15:40:00,564] {dag.py:2305} INFO - Setting next_dagrun for trigger_rule to 2022-02-12 00:00:00+00:00
[2022-02-12 15:40:00,583] {scheduler_job.py:190} INFO - Processing /opt/airflow/dags/trigger_rule.py took 0.122 seconds
[2022-02-12 15:40:30,679] {scheduler_job.py:182} INFO - Started process (PID=280) to work on /opt/airflow/dags/trigger_rule.py
[2022-02-12 15:40:30,681] {scheduler_job.py:633} INFO - Processing file /opt/airflow/dags/trigger_rule.py for tasks to queue
[2022-02-12 15:40:30,682] {logging_mixin.py:104} INFO - [2022-02-12 15:40:30,682] {dagbag.py:487} INFO - Filling up the DagBag from /opt/airflow/dags/trigger_rule.py
[2022-02-12 15:40:30,701] {scheduler_job.py:643} INFO - DAG(s) dict_keys(['trigger_rule']) retrieved from /opt/airflow/dags/trigger_rule.py
[2022-02-12 15:40:30,727] {logging_mixin.py:104} INFO - [2022-02-12 15:40:30,726] {dag.py:1832} INFO - Sync 1 DAGs
[2022-02-12 15:40:30,749] {logging_mixin.py:104} INFO - [2022-02-12 15:40:30,749] {dag.py:2305} INFO - Setting next_dagrun for trigger_rule to 2022-02-12 00:00:00+00:00
[2022-02-12 15:40:30,758] {scheduler_job.py:190} INFO - Processing /opt/airflow/dags/trigger_rule.py took 0.083 seconds
[2022-02-12 15:41:00,805] {scheduler_job.py:182} INFO - Started process (PID=336) to work on /opt/airflow/dags/trigger_rule.py
[2022-02-12 15:41:00,807] {scheduler_job.py:633} INFO - Processing file /opt/airflow/dags/trigger_rule.py for tasks to queue
[2022-02-12 15:41:00,808] {logging_mixin.py:104} INFO - [2022-02-12 15:41:00,808] {dagbag.py:487} INFO - Filling up the DagBag from /opt/airflow/dags/trigger_rule.py
[2022-02-12 15:41:00,828] {scheduler_job.py:643} INFO - DAG(s) dict_keys(['trigger_rule']) retrieved from /opt/airflow/dags/trigger_rule.py
[2022-02-12 15:41:00,853] {logging_mixin.py:104} INFO - [2022-02-12 15:41:00,853] {dag.py:1832} INFO - Sync 1 DAGs
[2022-02-12 15:41:00,875] {logging_mixin.py:104} INFO - [2022-02-12 15:41:00,875] {dag.py:2305} INFO - Setting next_dagrun for trigger_rule to 2022-02-12 00:00:00+00:00
[2022-02-12 15:41:00,888] {scheduler_job.py:190} INFO - Processing /opt/airflow/dags/trigger_rule.py took 0.087 seconds
[2022-02-12 15:41:30,956] {scheduler_job.py:182} INFO - Started process (PID=378) to work on /opt/airflow/dags/trigger_rule.py
[2022-02-12 15:41:30,959] {scheduler_job.py:633} INFO - Processing file /opt/airflow/dags/trigger_rule.py for tasks to queue
[2022-02-12 15:41:30,961] {logging_mixin.py:104} INFO - [2022-02-12 15:41:30,961] {dagbag.py:487} INFO - Filling up the DagBag from /opt/airflow/dags/trigger_rule.py
[2022-02-12 15:41:30,981] {scheduler_job.py:643} INFO - DAG(s) dict_keys(['trigger_rule']) retrieved from /opt/airflow/dags/trigger_rule.py
[2022-02-12 15:41:31,009] {logging_mixin.py:104} INFO - [2022-02-12 15:41:31,009] {dag.py:1832} INFO - Sync 1 DAGs
[2022-02-12 15:41:31,033] {logging_mixin.py:104} INFO - [2022-02-12 15:41:31,033] {dag.py:2305} INFO - Setting next_dagrun for trigger_rule to 2022-02-12 00:00:00+00:00
[2022-02-12 15:41:31,043] {scheduler_job.py:190} INFO - Processing /opt/airflow/dags/trigger_rule.py took 0.090 seconds
